23Y-12-19 17:16:40:1640 - [32minfo[39m: [32mAplicação está funcionando na porta: 3000[39m
23Y-12-19 17:17:10:1710 - [32minfo[39m: [32mAplicação está funcionando na porta: 3000[39m
23Y-12-19 17:17:12:1712 - [32minfo[39m: [32mConectou ao banco de dados![39m
23Y-12-19 17:17:12:1712 - [32minfo[39m: [32mAplicação está funcionando na porta: 3000[39m
23Y-12-19 17:17:23:1723 - [32minfo[39m: [32mConectou ao banco de dados![39m
23Y-12-19 17:17:23:1723 - [32minfo[39m: [32mAplicação está funcionando na porta: 3000[39m
23Y-12-19 17:17:27:1727 - [32minfo[39m: [32mConectou ao banco de dados![39m
23Y-12-19 17:17:27:1727 - [32minfo[39m: [32mAplicação está funcionando na porta: 3000[39m
23Y-12-19 17:17:34:1734 - [32minfo[39m: [32mConectou ao banco de dados![39m
23Y-12-19 17:17:34:1734 - [32minfo[39m: [32mAplicação está funcionando na porta: 3000[39m
23Y-12-19 17:26:41:2641 - [32minfo[39m: [32mConectou ao banco de dados![39m
23Y-12-19 17:26:41:2641 - [32minfo[39m: [32mAplicação está funcionando na porta: 3000[39m
23Y-12-19 17:27:09:279 - [31merror[39m: [31mNão foi possível conectar![39m
23Y-12-19 17:27:09:279 - [31merror[39m: [31mErro: Error: querySrv ENOTFOUND _mongodb._tcp.cluster0.ive6cex.mongodb.nett[39m
23Y-12-19 17:27:09:279 - [32minfo[39m: [32mAplicação está funcionando na porta: 3000[39m
23Y-12-19 17:27:20:2720 - [32minfo[39m: [32mConectou ao banco de dados![39m
23Y-12-19 17:27:20:2720 - [32minfo[39m: [32mAplicação está funcionando na porta: 3000[39m
23Y-12-19 17:28:48:2848 - [32minfo[39m: [32mConectou ao banco de dados![39m
23Y-12-19 17:28:48:2848 - [32minfo[39m: [32mAplicação está funcionando na porta: 3000[39m
23Y-12-19 17:28:56:2856 - [32minfo[39m: [32mConectou ao banco de dados![39m
23Y-12-19 17:28:56:2856 - [32minfo[39m: [32mAplicação está funcionando na porta: 3000[39m
23Y-12-19 17:29:25:2925 - [32minfo[39m: [32mConectou ao banco de dados![39m
23Y-12-19 17:29:25:2925 - [32minfo[39m: [32mAplicação está funcionando na porta: 3000[39m
23Y-12-19 17:29:32:2932 - [35mhttp[39m: [35mDeu certo...[39m
23Y-12-19 17:30:24:3024 - [32minfo[39m: [32mConectou ao banco de dados![39m
23Y-12-19 17:30:24:3024 - [32minfo[39m: [32mAplicação está funcionando na porta: 3000[39m
